2025-08-28 21:59:12 | INFO | __main__:47 | Logger loaded.
2025-08-28 21:59:12 | INFO | __main__:165 | STARTING main()..
2025-08-28 21:59:12 | INFO | __main__:166 | Byline:

**********************************************************
Sgolla Analytics — Project Header
**********************************************************
Author:                     Saratchandra Golla
Motto:                      Clear. Useful. On time. Learn.
Location:                   O'Fallon, Missouri
Years Active:               5
Accepting New Clients?:     True
Remote Workshops?:          True
Hiring?:                    False
Number of Employees:        25
Services:                   ['Data Analysis', 'Machine Learning', 'Business Intelligence']
Office Locations:           ['St. Louis, MO', 'Chicago, IL', 'New York, NY']
Count of Locations:         3
Client Satisfaction Scores: [4.8, 4.6, 4.9, 5.0, 4.7]
Minimum Satisfaction Score: 4.6
Maximum Satisfaction Score: 5.0
Mean Satisfaction Score:    4.80
    Standard Deviation:    0.16
**********************************************************

2025-08-28 21:59:24 | INFO | __main__:172 | Speech interrupted by user (Ctrl+C).
2025-08-28 21:59:24 | INFO | __main__:176 | This module is organized like all Python modules.
2025-08-28 21:59:24 | INFO | __main__:177 | We write professional Python from the start.
2025-08-28 21:59:24 | INFO | __main__:178 | END main()...
